-------------------------------------------------------------------------------
Test set: com.dashboard.backend.BackendApplicationTests
-------------------------------------------------------------------------------
Tests run: 1, Failures: 0, Errors: 1, Skipped: 0, Time elapsed: 4.557 s <<< FAILURE! - in com.dashboard.backend.BackendApplicationTests
contextLoads  Time elapsed: 0.001 s  <<< ERROR!
java.lang.IllegalStateException: Failed to load ApplicationContext
Caused by: org.springframework.beans.factory.BeanCreationException: Error creating bean with name 'employeeRepository' defined in com.dashboard.backend.employee.EmployeeRepository defined in @EnableJpaRepositories declared on JpaRepositoriesRegistrar.EnableJpaRepositoriesConfiguration: Invocation of init method failed; nested exception is java.lang.IllegalArgumentException: Not a managed type: class com.dashboard.backend.employee.Employee
Caused by: java.lang.IllegalArgumentException: Not a managed type: class com.dashboard.backend.employee.Employee

